Unknown configuration key throttle
do_connect: could not connect to socket
connect: No such file or directory
VBA-M (BBA) [SDL]
Searching for file vbam.cfg
Searching current directory: /mnt/hgfs/2110Shared/SharedStuff/StepMania
Searching home directory: /home/jballen73/.vbam
Searching data directory: /usr/share/vbam
Searching system config directory: /etc
Reading configuration file.
Searching for file vba-over.ini
Searching current directory: /mnt/hgfs/2110Shared/SharedStuff/StepMania
Searching home directory: /home/jballen73/.vbam
Searching data directory: /usr/share/vbam
Searching system config directory: /etc
vba-over.ini NOT FOUND (using emulator settings)
Trying patch StepMania.ips
Trying patch StepMania.ups
Trying patch StepMania.ppf
Trying to start LIRC: Failed
Color depth: 32
Shutting down
06:54:01 27.02.2019: Wrote battery
